-------------------------------------------------------------------------------
Test set: orika.test.MapperTest
-------------------------------------------------------------------------------
Tests run: 1, Failures: 1, Errors: 0, Skipped: 0, Time elapsed: 0.128 sec <<< FAILURE!
orika.test.MapperTest.testMap()  Time elapsed: 0.127 sec  <<< FAILURE!
java.lang.AssertionError: 
Expecting:
  0
to be between:
  [1, 3]

	at orika.test.MapperTest.testMap(MapperTest.java:11)

